0 info it worked if it ends with ok
1 verbose cli [ '/usr/bin/node', '/usr/bin/npm', 'start' ]
2 info using npm@3.5.2
3 info using node@v8.10.0
4 verbose run-script [ 'prestart', 'start', 'poststart' ]
5 info lifecycle Soundplow@0.0.0~prestart: Soundplow@0.0.0
6 silly lifecycle Soundplow@0.0.0~prestart: no script for prestart, continuing
7 info lifecycle Soundplow@0.0.0~start: Soundplow@0.0.0
8 verbose lifecycle Soundplow@0.0.0~start: unsafe-perm in lifecycle true
9 verbose lifecycle Soundplow@0.0.0~start: PATH: /usr/share/npm/bin/node-gyp-bin:/mnt/c/Users/cjban/git/Final-Project-389k/node_modules/.bin:/home/cjbangert/.local/bin:/usr/local/sbin:/usr/local/bin:/usr/sbin:/usr/bin:/sbin:/bin:/usr/games:/usr/local/games:/mnt/c/Program Files/WindowsApps/CanonicalGroupLimited.UbuntuonWindows_1804.2018.817.0_x64__79rhkp1fndgsc:/mnt/c/Windows/System32:/mnt/c/Windows:/mnt/c/Windows/System32/wbem:/mnt/c/Windows/System32/WindowsPowerShell/v1.0:/mnt/c/Windows/System32/OpenSSH:/mnt/c/ProgramData/chocolatey/bin:/mnt/c/Program Files/Java/jdk1.8.0_201/bin:/mnt/c/Android/android-sdk/tools:/mnt/c/Android/android-sdk/platform-tools:/mnt/c/Android/android-sdk/tools/bin:/mnt/c/Program Files/nodejs:/mnt/c/Users/cjban/AppData/Local/Microsoft/WindowsApps:/mnt/c/Users/cjban/AppData/Roaming/npm:/snap/bin
10 verbose lifecycle Soundplow@0.0.0~start: CWD: /mnt/c/Users/cjban/git/Final-Project-389k
11 silly lifecycle Soundplow@0.0.0~start: Args: [ '-c', 'node app.js' ]
12 silly lifecycle Soundplow@0.0.0~start: Returned: code: 1  signal: null
13 info lifecycle Soundplow@0.0.0~start: Failed to exec start script
14 verbose stack Error: Soundplow@0.0.0 start: `node app.js`
14 verbose stack Exit status 1
14 verbose stack     at EventEmitter.<anonymous> (/usr/share/npm/lib/utils/lifecycle.js:232:16)
14 verbose stack     at emitTwo (events.js:126:13)
14 verbose stack     at EventEmitter.emit (events.js:214:7)
14 verbose stack     at ChildProcess.<anonymous> (/usr/share/npm/lib/utils/spawn.js:24:14)
14 verbose stack     at emitTwo (events.js:126:13)
14 verbose stack     at ChildProcess.emit (events.js:214:7)
14 verbose stack     at maybeClose (internal/child_process.js:925:16)
14 verbose stack     at Process.ChildProcess._handle.onexit (internal/child_process.js:209:5)
15 verbose pkgid Soundplow@0.0.0
16 verbose cwd /mnt/c/Users/cjban/git/Final-Project-389k
17 error Linux 4.4.0-17763-Microsoft
18 error argv "/usr/bin/node" "/usr/bin/npm" "start"
19 error node v8.10.0
20 error npm  v3.5.2
21 error code ELIFECYCLE
22 error Soundplow@0.0.0 start: `node app.js`
22 error Exit status 1
23 error Failed at the Soundplow@0.0.0 start script 'node app.js'.
23 error Make sure you have the latest version of node.js and npm installed.
23 error If you do, this is most likely a problem with the Soundplow package,
23 error not with npm itself.
23 error Tell the author that this fails on your system:
23 error     node app.js
23 error You can get information on how to open an issue for this project with:
23 error     npm bugs Soundplow
23 error Or if that isn't available, you can get their info via:
23 error     npm owner ls Soundplow
23 error There is likely additional logging output above.
24 verbose exit [ 1, true ]
